\BOOKMARK [0][-]{chapter.1}{\376\377\0001\000\040\004\020\004\073\004\104\004\060\004\062\004\070\004\102\004\075\004\113\004\071\000\040\004\103\004\072\004\060\004\067\004\060\004\102\004\065\004\073\004\114\000\040\004\072\004\073\004\060\004\101\004\101\004\076\004\062}{}% 1
\BOOKMARK [1][-]{section.1.1}{\376\377\0001\000.\0001\000\040\004\032\004\073\004\060\004\101\004\101\004\113}{chapter.1}% 2
\BOOKMARK [0][-]{chapter.2}{\376\377\0002\000\040\004\041\004\077\004\070\004\101\004\076\004\072\000\040\004\104\004\060\004\071\004\073\004\076\004\062}{}% 3
\BOOKMARK [1][-]{section.2.1}{\376\377\0002\000.\0001\000\040\004\044\004\060\004\071\004\073\004\113}{chapter.2}% 4
\BOOKMARK [0][-]{chapter.3}{\376\377\0003\000\040\004\032\004\073\004\060\004\101\004\101\004\113}{}% 5
\BOOKMARK [1][-]{section.3.1}{\376\377\0003\000.\0001\000\040\004\032\004\073\004\060\004\101\004\101\000\040\000F\000i\000l\000e\000H\000a\000n\000d\000l\000e\000r}{chapter.3}% 6
\BOOKMARK [2][-]{subsection.3.1.1}{\376\377\0003\000.\0001\000.\0001\000\040\004\037\004\076\004\064\004\100\004\076\004\061\004\075\004\076\004\065\000\040\004\076\004\077\004\070\004\101\004\060\004\075\004\070\004\065}{section.3.1}% 7
\BOOKMARK [2][-]{subsection.3.1.2}{\376\377\0003\000.\0001\000.\0002\000\040\004\034\004\065\004\102\004\076\004\064\004\113}{section.3.1}% 8
\BOOKMARK [3][-]{subsubsection.3.1.2.1}{\376\377\0003\000.\0001\000.\0002\000.\0001\000\040\000r\000e\000a\000d\000C\000r\000e\000d\000e\000n\000t\000i\000a\000l\000s\000\050\000\051}{subsection.3.1.2}% 9
\BOOKMARK [3][-]{subsubsection.3.1.2.2}{\376\377\0003\000.\0001\000.\0002\000.\0002\000\040\000r\000e\000a\000d\000V\000e\000c\000t\000o\000r\000s\000\050\000\051}{subsection.3.1.2}% 10
\BOOKMARK [3][-]{subsubsection.3.1.2.3}{\376\377\0003\000.\0001\000.\0002\000.\0003\000\040\000w\000r\000i\000t\000e\000R\000e\000s\000u\000l\000t\000s\000\050\000\051}{subsection.3.1.2}% 11
\BOOKMARK [1][-]{section.3.2}{\376\377\0003\000.\0002\000\040\004\032\004\073\004\060\004\101\004\101\000\040\000I\000n\000t\000e\000r\000f\000a\000c\000e}{chapter.3}% 12
\BOOKMARK [2][-]{subsection.3.2.1}{\376\377\0003\000.\0002\000.\0001\000\040\004\037\004\076\004\064\004\100\004\076\004\061\004\075\004\076\004\065\000\040\004\076\004\077\004\070\004\101\004\060\004\075\004\070\004\065}{section.3.2}% 13
\BOOKMARK [2][-]{subsection.3.2.2}{\376\377\0003\000.\0002\000.\0002\000\040\004\034\004\065\004\102\004\076\004\064\004\113}{section.3.2}% 14
\BOOKMARK [3][-]{subsubsection.3.2.2.1}{\376\377\0003\000.\0002\000.\0002\000.\0001\000\040\000p\000a\000r\000s\000e\000C\000o\000m\000m\000a\000n\000d\000L\000i\000n\000e\000\050\000\051}{subsection.3.2.2}% 15
\BOOKMARK [3][-]{subsubsection.3.2.2.2}{\376\377\0003\000.\0002\000.\0002\000.\0002\000\040\000s\000h\000o\000w\000H\000e\000l\000p\000\050\000\051}{subsection.3.2.2}% 16
\BOOKMARK [1][-]{section.3.3}{\376\377\0003\000.\0003\000\040\004\032\004\073\004\060\004\101\004\101\000\040\000L\000i\000n\000u\000x\000A\000u\000t\000h\000e\000n\000t\000i\000c\000a\000t\000o\000r}{chapter.3}% 17
\BOOKMARK [2][-]{subsection.3.3.1}{\376\377\0003\000.\0003\000.\0001\000\040\004\037\004\076\004\064\004\100\004\076\004\061\004\075\004\076\004\065\000\040\004\076\004\077\004\070\004\101\004\060\004\075\004\070\004\065}{section.3.3}% 18
\BOOKMARK [2][-]{subsection.3.3.2}{\376\377\0003\000.\0003\000.\0002\000\040\004\034\004\065\004\102\004\076\004\064\004\113}{section.3.3}% 19
\BOOKMARK [3][-]{subsubsection.3.3.2.1}{\376\377\0003\000.\0003\000.\0002\000.\0001\000\040\000c\000o\000m\000p\000u\000t\000e\000H\000a\000s\000h\000\050\000\051}{subsection.3.3.2}% 20
\BOOKMARK [3][-]{subsubsection.3.3.2.2}{\376\377\0003\000.\0003\000.\0002\000.\0002\000\040\000c\000o\000m\000p\000u\000t\000e\000S\000H\000A\0002\0002\0004\000\050\000\051\000\040\000[\0001\000/\0002\000]}{subsection.3.3.2}% 21
\BOOKMARK [3][-]{subsubsection.3.3.2.3}{\376\377\0003\000.\0003\000.\0002\000.\0003\000\040\000c\000o\000m\000p\000u\000t\000e\000S\000H\000A\0002\0002\0004\000\050\000\051\000\040\000[\0002\000/\0002\000]}{subsection.3.3.2}% 22
\BOOKMARK [3][-]{subsubsection.3.3.2.4}{\376\377\0003\000.\0003\000.\0002\000.\0004\000\040\000c\000r\000e\000a\000t\000e\000C\000r\000y\000p\000t\000o\000S\000o\000c\000k\000e\000t\000\050\000\051}{subsection.3.3.2}% 23
\BOOKMARK [1][-]{section.3.4}{\376\377\0003\000.\0004\000\040\004\032\004\073\004\060\004\101\004\101\000\040\000M\000o\000c\000k\000N\000e\000t\000w\000o\000r\000k\000M\000a\000n\000a\000g\000e\000r}{chapter.3}% 24
\BOOKMARK [2][-]{subsection.3.4.1}{\376\377\0003\000.\0004\000.\0001\000\040\004\037\004\076\004\064\004\100\004\076\004\061\004\075\004\076\004\065\000\040\004\076\004\077\004\070\004\101\004\060\004\075\004\070\004\065}{section.3.4}% 25
\BOOKMARK [2][-]{subsection.3.4.2}{\376\377\0003\000.\0004\000.\0002\000\040\004\032\004\076\004\075\004\101\004\102\004\100\004\103\004\072\004\102\004\076\004\100\000\050\004\113\000\051}{section.3.4}% 26
\BOOKMARK [3][-]{subsubsection.3.4.2.1}{\376\377\0003\000.\0004\000.\0002\000.\0001\000\040\000M\000o\000c\000k\000N\000e\000t\000w\000o\000r\000k\000M\000a\000n\000a\000g\000e\000r\000\050\000\051}{subsection.3.4.2}% 27
\BOOKMARK [2][-]{subsection.3.4.3}{\376\377\0003\000.\0004\000.\0003\000\040\004\034\004\065\004\102\004\076\004\064\004\113}{section.3.4}% 28
\BOOKMARK [3][-]{subsubsection.3.4.3.1}{\376\377\0003\000.\0004\000.\0003\000.\0001\000\040\000a\000u\000t\000h\000e\000n\000t\000i\000c\000a\000t\000e\000\050\000\051}{subsection.3.4.3}% 29
\BOOKMARK [3][-]{subsubsection.3.4.3.2}{\376\377\0003\000.\0004\000.\0003\000.\0002\000\040\000c\000o\000n\000n\000e\000c\000t\000\050\000\051}{subsection.3.4.3}% 30
\BOOKMARK [3][-]{subsubsection.3.4.3.3}{\376\377\0003\000.\0004\000.\0003\000.\0003\000\040\000s\000e\000n\000d\000V\000e\000c\000t\000o\000r\000s\000\050\000\051}{subsection.3.4.3}% 31
\BOOKMARK [1][-]{section.3.5}{\376\377\0003\000.\0005\000\040\004\032\004\073\004\060\004\101\004\101\000\040\000N\000e\000t\000w\000o\000r\000k\000M\000a\000n\000a\000g\000e\000r}{chapter.3}% 32
\BOOKMARK [2][-]{subsection.3.5.1}{\376\377\0003\000.\0005\000.\0001\000\040\004\037\004\076\004\064\004\100\004\076\004\061\004\075\004\076\004\065\000\040\004\076\004\077\004\070\004\101\004\060\004\075\004\070\004\065}{section.3.5}% 33
\BOOKMARK [2][-]{subsection.3.5.2}{\376\377\0003\000.\0005\000.\0002\000\040\004\032\004\076\004\075\004\101\004\102\004\100\004\103\004\072\004\102\004\076\004\100\000\050\004\113\000\051}{section.3.5}% 34
\BOOKMARK [3][-]{subsubsection.3.5.2.1}{\376\377\0003\000.\0005\000.\0002\000.\0001\000\040\000N\000e\000t\000w\000o\000r\000k\000M\000a\000n\000a\000g\000e\000r\000\050\000\051}{subsection.3.5.2}% 35
\BOOKMARK [3][-]{subsubsection.3.5.2.2}{\376\377\0003\000.\0005\000.\0002\000.\0002\000\040\000\040\000N\000e\000t\000w\000o\000r\000k\000M\000a\000n\000a\000g\000e\000r\000\050\000\051}{subsection.3.5.2}% 36
\BOOKMARK [2][-]{subsection.3.5.3}{\376\377\0003\000.\0005\000.\0003\000\040\004\034\004\065\004\102\004\076\004\064\004\113}{section.3.5}% 37
\BOOKMARK [3][-]{subsubsection.3.5.3.1}{\376\377\0003\000.\0005\000.\0003\000.\0001\000\040\000a\000u\000t\000h\000e\000n\000t\000i\000c\000a\000t\000e\000\050\000\051}{subsection.3.5.3}% 38
\BOOKMARK [3][-]{subsubsection.3.5.3.2}{\376\377\0003\000.\0005\000.\0003\000.\0002\000\040\000c\000o\000n\000n\000e\000c\000t\000\050\000\051}{subsection.3.5.3}% 39
\BOOKMARK [3][-]{subsubsection.3.5.3.3}{\376\377\0003\000.\0005\000.\0003\000.\0003\000\040\000d\000i\000s\000c\000o\000n\000n\000e\000c\000t\000\050\000\051}{subsection.3.5.3}% 40
\BOOKMARK [3][-]{subsubsection.3.5.3.4}{\376\377\0003\000.\0005\000.\0003\000.\0004\000\040\000r\000e\000c\000e\000i\000v\000e\000D\000a\000t\000a\000\050\000\051}{subsection.3.5.3}% 41
\BOOKMARK [3][-]{subsubsection.3.5.3.5}{\376\377\0003\000.\0005\000.\0003\000.\0005\000\040\000r\000e\000c\000e\000i\000v\000e\000S\000t\000r\000i\000n\000g\000\050\000\051}{subsection.3.5.3}% 42
\BOOKMARK [3][-]{subsubsection.3.5.3.6}{\376\377\0003\000.\0005\000.\0003\000.\0006\000\040\000s\000e\000n\000d\000D\000a\000t\000a\000\050\000\051}{subsection.3.5.3}% 43
\BOOKMARK [3][-]{subsubsection.3.5.3.7}{\376\377\0003\000.\0005\000.\0003\000.\0007\000\040\000s\000e\000n\000d\000S\000t\000r\000i\000n\000g\000\050\000\051}{subsection.3.5.3}% 44
\BOOKMARK [3][-]{subsubsection.3.5.3.8}{\376\377\0003\000.\0005\000.\0003\000.\0008\000\040\000s\000e\000n\000d\000V\000e\000c\000t\000o\000r\000s\000\050\000\051}{subsection.3.5.3}% 45
\BOOKMARK [2][-]{subsection.3.5.4}{\376\377\0003\000.\0005\000.\0004\000\040\004\024\004\060\004\075\004\075\004\113\004\065\000\040\004\072\004\073\004\060\004\101\004\101\004\060}{section.3.5}% 46
\BOOKMARK [3][-]{subsubsection.3.5.4.1}{\376\377\0003\000.\0005\000.\0004\000.\0001\000\040\000a\000d\000d\000r\000e\000s\000s}{subsection.3.5.4}% 47
\BOOKMARK [3][-]{subsubsection.3.5.4.2}{\376\377\0003\000.\0005\000.\0004\000.\0002\000\040\000p\000o\000r\000t}{subsection.3.5.4}% 48
\BOOKMARK [3][-]{subsubsection.3.5.4.3}{\376\377\0003\000.\0005\000.\0004\000.\0003\000\040\000s\000o\000c\000k\000f\000d}{subsection.3.5.4}% 49
\BOOKMARK [1][-]{section.3.6}{\376\377\0003\000.\0006\000\040\004\041\004\102\004\100\004\103\004\072\004\102\004\103\004\100\004\060\000\040\000P\000a\000r\000a\000m\000s}{chapter.3}% 50
\BOOKMARK [2][-]{subsection.3.6.1}{\376\377\0003\000.\0006\000.\0001\000\040\004\037\004\076\004\064\004\100\004\076\004\061\004\075\004\076\004\065\000\040\004\076\004\077\004\070\004\101\004\060\004\075\004\070\004\065}{section.3.6}% 51
\BOOKMARK [2][-]{subsection.3.6.2}{\376\377\0003\000.\0006\000.\0002\000\040\004\024\004\060\004\075\004\075\004\113\004\065\000\040\004\072\004\073\004\060\004\101\004\101\004\060}{section.3.6}% 52
\BOOKMARK [3][-]{subsubsection.3.6.2.1}{\376\377\0003\000.\0006\000.\0002\000.\0001\000\040\000c\000o\000n\000f\000i\000g\000\137\000f\000i\000l\000e}{subsection.3.6.2}% 53
\BOOKMARK [3][-]{subsubsection.3.6.2.2}{\376\377\0003\000.\0006\000.\0002\000.\0002\000\040\000i\000n\000p\000u\000t\000\137\000f\000i\000l\000e}{subsection.3.6.2}% 54
\BOOKMARK [3][-]{subsubsection.3.6.2.3}{\376\377\0003\000.\0006\000.\0002\000.\0003\000\040\000o\000u\000t\000p\000u\000t\000\137\000f\000i\000l\000e}{subsection.3.6.2}% 55
\BOOKMARK [3][-]{subsubsection.3.6.2.4}{\376\377\0003\000.\0006\000.\0002\000.\0004\000\040\000s\000e\000r\000v\000e\000r\000\137\000a\000d\000d\000r\000e\000s\000s}{subsection.3.6.2}% 56
\BOOKMARK [3][-]{subsubsection.3.6.2.5}{\376\377\0003\000.\0006\000.\0002\000.\0005\000\040\000s\000e\000r\000v\000e\000r\000\137\000p\000o\000r\000t}{subsection.3.6.2}% 57
\BOOKMARK [1][-]{section.3.7}{\376\377\0003\000.\0007\000\040\004\041\004\102\004\100\004\103\004\072\004\102\004\103\004\100\004\060\000\040\000V\000e\000c\000t\000o\000r\000D\000a\000t\000a}{chapter.3}% 58
\BOOKMARK [2][-]{subsection.3.7.1}{\376\377\0003\000.\0007\000.\0001\000\040\004\037\004\076\004\064\004\100\004\076\004\061\004\075\004\076\004\065\000\040\004\076\004\077\004\070\004\101\004\060\004\075\004\070\004\065}{section.3.7}% 59
\BOOKMARK [2][-]{subsection.3.7.2}{\376\377\0003\000.\0007\000.\0002\000\040\004\024\004\060\004\075\004\075\004\113\004\065\000\040\004\072\004\073\004\060\004\101\004\101\004\060}{section.3.7}% 60
\BOOKMARK [3][-]{subsubsection.3.7.2.1}{\376\377\0003\000.\0007\000.\0002\000.\0001\000\040\000v\000e\000c\000t\000o\000r\000s}{subsection.3.7.2}% 61
\BOOKMARK [0][-]{chapter.4}{\376\377\0004\000\040\004\044\004\060\004\071\004\073\004\113}{}% 62
\BOOKMARK [1][-]{section.4.1}{\376\377\0004\000.\0001\000\040\000f\000i\000l\000e\000\137\000h\000a\000n\000d\000l\000e\000r\000.\000c\000p\000p}{chapter.4}% 63
\BOOKMARK [1][-]{section.4.2}{\376\377\0004\000.\0002\000\040\004\044\004\060\004\071\004\073\000\040\000f\000i\000l\000e\000\137\000h\000a\000n\000d\000l\000e\000r\000.\000h}{chapter.4}% 64
\BOOKMARK [2][-]{subsection.4.2.1}{\376\377\0004\000.\0002\000.\0001\000\040\004\037\004\076\004\064\004\100\004\076\004\061\004\075\004\076\004\065\000\040\004\076\004\077\004\070\004\101\004\060\004\075\004\070\004\065}{section.4.2}% 65
\BOOKMARK [1][-]{section.4.3}{\376\377\0004\000.\0003\000\040\000f\000i\000l\000e\000\137\000h\000a\000n\000d\000l\000e\000r\000.\000h}{chapter.4}% 66
\BOOKMARK [1][-]{section.4.4}{\376\377\0004\000.\0004\000\040\000i\000n\000t\000e\000r\000f\000a\000c\000e\000.\000c\000p\000p}{chapter.4}% 67
\BOOKMARK [1][-]{section.4.5}{\376\377\0004\000.\0005\000\040\004\044\004\060\004\071\004\073\000\040\000i\000n\000t\000e\000r\000f\000a\000c\000e\000.\000h}{chapter.4}% 68
\BOOKMARK [2][-]{subsection.4.5.1}{\376\377\0004\000.\0005\000.\0001\000\040\004\037\004\076\004\064\004\100\004\076\004\061\004\075\004\076\004\065\000\040\004\076\004\077\004\070\004\101\004\060\004\075\004\070\004\065}{section.4.5}% 69
\BOOKMARK [1][-]{section.4.6}{\376\377\0004\000.\0006\000\040\000i\000n\000t\000e\000r\000f\000a\000c\000e\000.\000h}{chapter.4}% 70
\BOOKMARK [1][-]{section.4.7}{\376\377\0004\000.\0007\000\040\000l\000i\000n\000u\000x\000\137\000a\000u\000t\000h\000e\000n\000t\000i\000c\000a\000t\000o\000r\000.\000c\000p\000p}{chapter.4}% 71
\BOOKMARK [1][-]{section.4.8}{\376\377\0004\000.\0008\000\040\004\044\004\060\004\071\004\073\000\040\000l\000i\000n\000u\000x\000\137\000a\000u\000t\000h\000e\000n\000t\000i\000c\000a\000t\000o\000r\000.\000h}{chapter.4}% 72
\BOOKMARK [2][-]{subsection.4.8.1}{\376\377\0004\000.\0008\000.\0001\000\040\004\037\004\076\004\064\004\100\004\076\004\061\004\075\004\076\004\065\000\040\004\076\004\077\004\070\004\101\004\060\004\075\004\070\004\065}{section.4.8}% 73
\BOOKMARK [1][-]{section.4.9}{\376\377\0004\000.\0009\000\040\000l\000i\000n\000u\000x\000\137\000a\000u\000t\000h\000e\000n\000t\000i\000c\000a\000t\000o\000r\000.\000h}{chapter.4}% 74
\BOOKMARK [1][-]{section.4.10}{\376\377\0004\000.\0001\0000\000\040\004\044\004\060\004\071\004\073\000\040\000m\000a\000i\000n\000.\000c\000p\000p}{chapter.4}% 75
\BOOKMARK [2][-]{subsection.4.10.1}{\376\377\0004\000.\0001\0000\000.\0001\000\040\004\037\004\076\004\064\004\100\004\076\004\061\004\075\004\076\004\065\000\040\004\076\004\077\004\070\004\101\004\060\004\075\004\070\004\065}{section.4.10}% 76
\BOOKMARK [2][-]{subsection.4.10.2}{\376\377\0004\000.\0001\0000\000.\0002\000\040\004\044\004\103\004\075\004\072\004\106\004\070\004\070}{section.4.10}% 77
\BOOKMARK [3][-]{subsubsection.4.10.2.1}{\376\377\0004\000.\0001\0000\000.\0002\000.\0001\000\040\000m\000a\000i\000n\000\050\000\051}{subsection.4.10.2}% 78
\BOOKMARK [1][-]{section.4.11}{\376\377\0004\000.\0001\0001\000\040\000m\000a\000i\000n\000.\000c\000p\000p}{chapter.4}% 79
\BOOKMARK [1][-]{section.4.12}{\376\377\0004\000.\0001\0002\000\040\000n\000e\000t\000w\000o\000r\000k\000\137\000m\000a\000n\000a\000g\000e\000r\000.\000c\000p\000p}{chapter.4}% 80
\BOOKMARK [1][-]{section.4.13}{\376\377\0004\000.\0001\0003\000\040\004\044\004\060\004\071\004\073\000\040\000n\000e\000t\000w\000o\000r\000k\000\137\000m\000a\000n\000a\000g\000e\000r\000.\000h}{chapter.4}% 81
\BOOKMARK [2][-]{subsection.4.13.1}{\376\377\0004\000.\0001\0003\000.\0001\000\040\004\037\004\076\004\064\004\100\004\076\004\061\004\075\004\076\004\065\000\040\004\076\004\077\004\070\004\101\004\060\004\075\004\070\004\065}{section.4.13}% 82
\BOOKMARK [1][-]{section.4.14}{\376\377\0004\000.\0001\0004\000\040\000n\000e\000t\000w\000o\000r\000k\000\137\000m\000a\000n\000a\000g\000e\000r\000.\000h}{chapter.4}% 83
\BOOKMARK [1][-]{section.4.15}{\376\377\0004\000.\0001\0005\000\040\000t\000e\000s\000t\000\137\000f\000i\000l\000e\000\137\000h\000a\000n\000d\000l\000e\000r\000.\000c\000p\000p}{chapter.4}% 84
\BOOKMARK [1][-]{section.4.16}{\376\377\0004\000.\0001\0006\000\040\000t\000e\000s\000t\000\137\000i\000n\000t\000e\000r\000f\000a\000c\000e\000.\000c\000p\000p}{chapter.4}% 85
\BOOKMARK [1][-]{section.4.17}{\376\377\0004\000.\0001\0007\000\040\000t\000e\000s\000t\000\137\000l\000i\000n\000u\000x\000\137\000a\000u\000t\000h\000e\000n\000t\000i\000c\000a\000t\000o\000r\000.\000c\000p\000p}{chapter.4}% 86
\BOOKMARK [1][-]{section.4.18}{\376\377\0004\000.\0001\0008\000\040\000t\000e\000s\000t\000\137\000n\000e\000t\000w\000o\000r\000k\000\137\000m\000a\000n\000a\000g\000e\000r\000.\000c\000p\000p}{chapter.4}% 87
\BOOKMARK [0][-]{section*.25}{\376\377\004\037\004\100\004\065\004\064\004\074\004\065\004\102\004\075\004\113\004\071\000\040\004\103\004\072\004\060\004\067\004\060\004\102\004\065\004\073\004\114}{}% 88
